10.04.2023 - 19:47:51 - [TAB v3.3.2] An error was thrown when executing task
10.04.2023 - 19:47:51 - java.lang.NullPointerException: Cannot invoke "me.neznamy.tab.api.Property.updateAndGet()" because the return value of "me.neznamy.tab.api.TabPlayer.getProperty(String)" is null
10.04.2023 - 19:47:51 - 	at me.neznamy.tab.shared.features.HeaderFooter.refresh(HeaderFooter.java:89)
10.04.2023 - 19:47:51 - 	at me.neznamy.tab.shared.features.PlaceholderManagerImpl.refresh(PlaceholderManagerImpl.java:84)
10.04.2023 - 19:47:51 - 	at me.neznamy.tab.shared.features.PlaceholderManagerImpl.refresh(PlaceholderManagerImpl.java:76)
10.04.2023 - 19:47:51 - 	at me.neznamy.tab.shared.CpuManager.lambda$runMeasuredTask$11(CpuManager.java:212)
10.04.2023 - 19:47:51 - 	at me.neznamy.tab.shared.CpuManager.lambda$submit$1(CpuManager.java:84)
10.04.2023 - 19:47:51 - 	at java.base/java.util.concurrent.Executors$RunnableAdapter.call(Executors.java:515)
10.04.2023 - 19:47:51 - 	at java.base/java.util.concurrent.FutureTask.run(FutureTask.java:264)
10.04.2023 - 19:47:51 - 	at java.base/java.util.concurrent.ScheduledThreadPoolExecutor$ScheduledFutureTask.run(ScheduledThreadPoolExecutor.java:304)
10.04.2023 - 19:47:51 - 	at java.base/java.util.concurrent.ThreadPoolExecutor.runWorker(ThreadPoolExecutor.java:1130)
10.04.2023 - 19:47:51 - 	at java.base/java.util.concurrent.ThreadPoolExecutor$Worker.run(ThreadPoolExecutor.java:630)
10.04.2023 - 19:47:51 - 	at java.base/java.lang.Thread.run(Thread.java:831)
16.04.2023 - 21:15:10 - [TAB v3.3.2] An error was thrown when executing task
16.04.2023 - 21:15:10 - java.lang.NullPointerException: Cannot invoke "me.neznamy.tab.api.Property.updateAndGet()" because the return value of "me.neznamy.tab.api.TabPlayer.getProperty(String)" is null
16.04.2023 - 21:15:10 - 	at me.neznamy.tab.shared.features.HeaderFooter.refresh(HeaderFooter.java:89)
16.04.2023 - 21:15:10 - 	at me.neznamy.tab.shared.features.PlaceholderManagerImpl.refresh(PlaceholderManagerImpl.java:84)
16.04.2023 - 21:15:10 - 	at me.neznamy.tab.shared.features.PlaceholderManagerImpl.refresh(PlaceholderManagerImpl.java:76)
16.04.2023 - 21:15:10 - 	at me.neznamy.tab.shared.CpuManager.lambda$runMeasuredTask$11(CpuManager.java:212)
16.04.2023 - 21:15:10 - 	at me.neznamy.tab.shared.CpuManager.lambda$submit$1(CpuManager.java:84)
16.04.2023 - 21:15:10 - 	at java.base/java.util.concurrent.Executors$RunnableAdapter.call(Executors.java:515)
16.04.2023 - 21:15:10 - 	at java.base/java.util.concurrent.FutureTask.run(FutureTask.java:264)
16.04.2023 - 21:15:10 - 	at java.base/java.util.concurrent.ScheduledThreadPoolExecutor$ScheduledFutureTask.run(ScheduledThreadPoolExecutor.java:304)
16.04.2023 - 21:15:10 - 	at java.base/java.util.concurrent.ThreadPoolExecutor.runWorker(ThreadPoolExecutor.java:1130)
16.04.2023 - 21:15:10 - 	at java.base/java.util.concurrent.ThreadPoolExecutor$Worker.run(ThreadPoolExecutor.java:630)
16.04.2023 - 21:15:10 - 	at java.base/java.lang.Thread.run(Thread.java:831)
