[2023-04-10 16:03:16] TRANSACTION: Player El_Six0s bought item OAK_LOG in shop Blocks for 400.0 money! Stacksize: 2
[2023-04-10 19:06:42] TRANSACTION: Player refssoulXD sold 64 items (1 different) for 256.0. Item: 
SUGAR_CANE
[2023-04-10 19:06:44] TRANSACTION: Player refssoulXD sold 64 items (1 different) for 256.0. Item: 
SUGAR_CANE
[2023-04-10 19:06:45] TRANSACTION: Player refssoulXD sold 64 items (1 different) for 256.0. Item: 
SUGAR_CANE
[2023-04-10 19:06:45] TRANSACTION: Player refssoulXD sold 64 items (1 different) for 256.0. Item: 
SUGAR_CANE
[2023-04-10 19:06:45] TRANSACTION: Player refssoulXD sold 64 items (1 different) for 256.0. Item: 
SUGAR_CANE
[2023-04-10 19:06:46] TRANSACTION: Player refssoulXD sold 64 items (1 different) for 256.0. Item: 
SUGAR_CANE
[2023-04-10 19:06:46] TRANSACTION: Player refssoulXD sold 64 items (1 different) for 256.0. Item: 
SUGAR_CANE
[2023-04-10 19:06:47] TRANSACTION: Player refssoulXD sold 64 items (1 different) for 256.0. Item: 
SUGAR_CANE
[2023-04-10 19:06:47] TRANSACTION: Player refssoulXD sold 64 items (1 different) for 256.0. Item: 
SUGAR_CANE
[2023-04-10 19:06:47] TRANSACTION: Player refssoulXD sold 64 items (1 different) for 256.0. Item: 
SUGAR_CANE
[2023-04-10 19:06:48] TRANSACTION: Player refssoulXD sold 64 items (1 different) for 256.0. Item: 
SUGAR_CANE
[2023-04-10 19:06:48] TRANSACTION: Player refssoulXD sold 64 items (1 different) for 256.0. Item: 
SUGAR_CANE
[2023-04-10 19:06:48] TRANSACTION: Player refssoulXD sold 64 items (1 different) for 256.0. Item: 
SUGAR_CANE
[2023-04-16 18:35:04] TRANSACTION: Player refssoulXD bought item JUNGLE_LOG in shop Blocks for 230.0 money! Stacksize: 1
[2023-04-27 11:58:49] TRANSACTION: Player Faron bought item WHEAT_SEEDS in shop Farming for 192.0 money! Stacksize: 64
